# JRE version: OpenJDK Runtime Environment (8.0_181-b13) (build 1.8.0_181-8u181-b13-1~deb9u1-b13)
# Java VM: OpenJDK 64-Bit Server VM (25.181-b13 mixed mode linux-amd64 compressed oops)
Heap:
 PSYoungGen      total 1078784K, used 84308K [0x0000000680000000, 0x00000006c3000000, 0x00000007c0000000)
  eden space 1078272K, 7% used [0x0000000680000000,0x0000000685255198,0x00000006c1d00000)
  from space 512K, 0% used [0x00000006c1d00000,0x00000006c1d00000,0x00000006c1d80000)
  to   space 9728K, 0% used [0x00000006c2680000,0x00000006c2680000,0x00000006c3000000)
 ParOldGen       total 594944K, used 70563K [0x0000000400000000, 0x0000000424500000, 0x0000000680000000)
  object space 594944K, 11% used [0x0000000400000000,0x00000004044e8fc0,0x0000000424500000)
 Metaspace       used 67868K, capacity 68170K, committed 68648K, reserved 1107968K
  class space    used 9079K, capacity 9161K, committed 9256K, reserved 1048576K
GC Heap History (10 events):
Event: 57609.698 GC heap before
{Heap before GC invocations=72 (full 35):
 PSYoungGen      total 1078784K, used 480K [0x0000000680000000, 0x00000006c3300000, 0x00000007c0000000)
  eden space 1078272K, 0% used [0x0000000680000000,0x0000000680000000,0x00000006c1d00000)
  from space 512K, 93% used [0x00000006c1d00000,0x00000006c1d78000,0x00000006c1d80000)
  to   space 11264K, 0% used [0x00000006c2800000,0x00000006c2800000,0x00000006c3300000)
 ParOldGen       total 594944K, used 70576K [0x0000000400000000, 0x0000000424500000, 0x0000000680000000)
  object space 594944K, 11% used [0x0000000400000000,0x00000004044ec278,0x0000000424500000)
 Metaspace       used 67850K, capacity 68106K, committed 68648K, reserved 1107968K
  class space    used 9079K, capacity 9161K, committed 9256K, reserved 1048576K
Event: 57609.798 GC heap after
Heap after GC invocations=72 (full 35):
 PSYoungGen      total 1078784K, used 0K [0x0000000680000000, 0x00000006c3300000, 0x00000007c0000000)
  eden space 1078272K, 0% used [0x0000000680000000,0x0000000680000000,0x00000006c1d00000)
  from space 512K, 0% used [0x00000006c1d00000,0x00000006c1d00000,0x00000006c1d80000)
  to   space 11264K, 0% used [0x00000006c2800000,0x00000006c2800000,0x00000006c3300000)
 ParOldGen       total 594944K, used 70566K [0x0000000400000000, 0x0000000424500000, 0x0000000680000000)
  object space 594944K, 11% used [0x0000000400000000,0x00000004044e98d0,0x0000000424500000)
 Metaspace       used 67850K, capacity 68106K, committed 68648K, reserved 1107968K
  class space    used 9079K, capacity 9161K, committed 9256K, reserved 1048576K
}
Event: 59409.694 GC heap before
{Heap before GC invocations=73 (full 35):
 PSYoungGen      total 1078784K, used 145569K [0x0000000680000000, 0x00000006c3300000, 0x00000007c0000000)
  eden space 1078272K, 13% used [0x0000000680000000,0x0000000688e28710,0x00000006c1d00000)
  from space 512K, 0% used [0x00000006c1d00000,0x00000006c1d00000,0x00000006c1d80000)
  to   space 11264K, 0% used [0x00000006c2800000,0x00000006c2800000,0x00000006c3300000)
 ParOldGen       total 594944K, used 70566K [0x0000000400000000, 0x0000000424500000, 0x0000000680000000)
  object space 594944K, 11% used [0x0000000400000000,0x00000004044e98d0,0x0000000424500000)
 Metaspace       used 67850K, capacity 68106K, committed 68648K, reserved 1107968K
  class space    used 9079K, capacity 9161K, committed 9256K, reserved 1048576K
Event: 59409.699 GC heap after
Heap after GC invocations=73 (full 35):
 PSYoungGen      total 1088512K, used 1408K [0x0000000680000000, 0x00000006c3200000, 0x00000007c0000000)
  eden space 1078272K, 0% used [0x0000000680000000,0x0000000680000000,0x00000006c1d00000)
  from space 10240K, 13% used [0x00000006c2800000,0x00000006c2960000,0x00000006c3200000)
  to   space 10752K, 0% used [0x00000006c1d00000,0x00000006c1d00000,0x00000006c2780000)
 ParOldGen       total 594944K, used 70566K [0x0000000400000000, 0x0000000424500000, 0x0000000680000000)
  object space 594944K, 11% used [0x0000000400000000,0x00000004044e98d0,0x0000000424500000)
 Metaspace       used 67850K, capacity 68106K, committed 68648K, reserved 1107968K
  class space    used 9079K, capacity 9161K, committed 9256K, reserved 1048576K
}
Event: 59409.699 GC heap before
{Heap before GC invocations=74 (full 36):
 PSYoungGen      total 1088512K, used 1408K [0x0000000680000000, 0x00000006c3200000, 0x00000007c0000000)
  eden space 1078272K, 0% used [0x0000000680000000,0x0000000680000000,0x00000006c1d00000)
  from space 10240K, 13% used [0x00000006c2800000,0x00000006c2960000,0x00000006c3200000)
  to   space 10752K, 0% used [0x00000006c1d00000,0x00000006c1d00000,0x00000006c2780000)
 ParOldGen       total 594944K, used 70566K [0x0000000400000000, 0x0000000424500000, 0x0000000680000000)
  object space 594944K, 11% used [0x0000000400000000,0x00000004044e98d0,0x0000000424500000)
 Metaspace       used 67850K, capacity 68106K, committed 68648K, reserved 1107968K
  class space    used 9079K, capacity 9161K, committed 9256K, reserved 1048576K
Event: 59409.766 GC heap after
Heap after GC invocations=74 (full 36):
 PSYoungGen      total 1088512K, used 0K [0x0000000680000000, 0x00000006c3200000, 0x00000007c0000000)
  eden space 1078272K, 0% used [0x0000000680000000,0x0000000680000000,0x00000006c1d00000)
  from space 10240K, 0% used [0x00000006c2800000,0x00000006c2800000,0x00000006c3200000)
  to   space 10752K, 0% used [0x00000006c1d00000,0x00000006c1d00000,0x00000006c2780000)
 ParOldGen       total 594944K, used 70564K [0x0000000400000000, 0x0000000424500000, 0x0000000680000000)
  object space 594944K, 11% used [0x0000000400000000,0x00000004044e91a0,0x0000000424500000)
 Metaspace       used 67850K, capacity 68106K, committed 68648K, reserved 1107968K
  class space    used 9079K, capacity 9161K, committed 9256K, reserved 1048576K
}
Event: 61209.694 GC heap before
{Heap before GC invocations=75 (full 36):
 PSYoungGen      total 1088512K, used 145569K [0x0000000680000000, 0x00000006c3200000, 0x00000007c0000000)
  eden space 1078272K, 13% used [0x0000000680000000,0x0000000688e28788,0x00000006c1d00000)
  from space 10240K, 0% used [0x00000006c2800000,0x00000006c2800000,0x00000006c3200000)
  to   space 10752K, 0% used [0x00000006c1d00000,0x00000006c1d00000,0x00000006c2780000)
 ParOldGen       total 594944K, used 70564K [0x0000000400000000, 0x0000000424500000, 0x0000000680000000)
  object space 594944K, 11% used [0x0000000400000000,0x00000004044e91a0,0x0000000424500000)
 Metaspace       used 67868K, capacity 68170K, committed 68648K, reserved 1107968K
  class space    used 9079K, capacity 9161K, committed 9256K, reserved 1048576K
Event: 61209.699 GC heap after
Heap after GC invocations=75 (full 36):
 PSYoungGen      total 1078784K, used 448K [0x0000000680000000, 0x00000006c3000000, 0x00000007c0000000)
  eden space 1078272K, 0% used [0x0000000680000000,0x0000000680000000,0x00000006c1d00000)
  from space 512K, 87% used [0x00000006c1d00000,0x00000006c1d70000,0x00000006c1d80000)
  to   space 9728K, 0% used [0x00000006c2680000,0x00000006c2680000,0x00000006c3000000)
 ParOldGen       total 594944K, used 70564K [0x0000000400000000, 0x0000000424500000, 0x0000000680000000)
  object space 594944K, 11% used [0x0000000400000000,0x00000004044e91a0,0x0000000424500000)
 Metaspace       used 67868K, capacity 68170K, committed 68648K, reserved 1107968K
  class space    used 9079K, capacity 9161K, committed 9256K, reserved 1048576K
}
Event: 61209.699 GC heap before
{Heap before GC invocations=76 (full 37):
 PSYoungGen      total 1078784K, used 448K [0x0000000680000000, 0x00000006c3000000, 0x00000007c0000000)
  eden space 1078272K, 0% used [0x0000000680000000,0x0000000680000000,0x00000006c1d00000)
  from space 512K, 87% used [0x00000006c1d00000,0x00000006c1d70000,0x00000006c1d80000)
  to   space 9728K, 0% used [0x00000006c2680000,0x00000006c2680000,0x00000006c3000000)
 ParOldGen       total 594944K, used 70564K [0x0000000400000000, 0x0000000424500000, 0x0000000680000000)
  object space 594944K, 11% used [0x0000000400000000,0x00000004044e91a0,0x0000000424500000)
 Metaspace       used 67868K, capacity 68170K, committed 68648K, reserved 1107968K
  class space    used 9079K, capacity 9161K, committed 9256K, reserved 1048576K
Event: 61209.771 GC heap after
Heap after GC invocations=76 (full 37):
 PSYoungGen      total 1078784K, used 0K [0x0000000680000000, 0x00000006c3000000, 0x00000007c0000000)
  eden space 1078272K, 0% used [0x0000000680000000,0x0000000680000000,0x00000006c1d00000)
  from space 512K, 0% used [0x00000006c1d00000,0x00000006c1d00000,0x00000006c1d80000)
  to   space 9728K, 0% used [0x00000006c2680000,0x00000006c2680000,0x00000006c3000000)
 ParOldGen       total 594944K, used 70563K [0x0000000400000000, 0x0000000424500000, 0x0000000680000000)
  object space 594944K, 11% used [0x0000000400000000,0x00000004044e8fc0,0x0000000424500000)
 Metaspace       used 67868K, capacity 68170K, committed 68648K, reserved 1107968K
  class space    used 9079K, capacity 9161K, committed 9256K, reserved 1048576K
}

